<?xml version="1.0" encoding="UTF-8"?>
<testsuite xmlns:xsi="http://www.w3.org/2001/XMLSchema-instance" xsi:noNamespaceSchemaLocation="https://maven.apache.org/surefire/maven-surefire-plugin/xsd/surefire-test-report-3.0.xsd" version="3.0" name="VoluntarioDAOTest" time="0.137" tests="3" errors="0" skipped="0" failures="0">
  <properties>
[...]
</properties>
  <testcase name="excluir" classname="VoluntarioDAOTest" time="0.044">
    <system-out><![CDATA[Carregando o driver...
Driver carregado com sucesso!
Tentando conectar o BD...
BD conectado com sucesso!
Carregando o driver...
Driver carregado com sucesso!
Tentando conectar o BD...
BD conectado com sucesso!
Carregando o driver...
Driver carregado com sucesso!
Tentando conectar o BD...
BD conectado com sucesso!
]]></system-out>
  </testcase>
  <testcase name="atualizar" classname="VoluntarioDAOTest" time="0.036">
    <system-out><![CDATA[Carregando o driver...
Driver carregado com sucesso!
Tentando conectar o BD...
BD conectado com sucesso!
Carregando o driver...
Driver carregado com sucesso!
Tentando conectar o BD...
BD conectado com sucesso!
Carregando o driver...
Driver carregado com sucesso!
Tentando conectar o BD...
BD conectado com sucesso!
]]></system-out>
  </testcase>
  <testcase name="inserir" classname="VoluntarioDAOTest" time="0.056">
    <system-out><![CDATA[Carregando o driver...
Driver carregado com sucesso!
Tentando conectar o BD...
BD conectado com sucesso!
Carregando o driver...
Driver carregado com sucesso!
Tentando conectar o BD...
BD conectado com sucesso!
]]></system-out>
  </testcase>
</testsuite>